#
# There is insufficient memory for the Java Runtime Environment to continue.
# Native memory allocation (mmap) failed to map 36700160 bytes for G1 virtual space
# Possible reasons:
#   The system is out of physical RAM or swap space
#   The process is running with CompressedOops enabled, and the Java Heap may be blocking the growth of the native heap
# Possible solutions:
#   Reduce memory load on the system
#   Increase physical memory or swap space
#   Check if swap backing store is full
#   Decrease Java heap size (-Xmx/-Xms)
#   Decrease number of Java threads
#   Decrease Java thread stack sizes (-Xss)
#   Set larger code cache with -XX:ReservedCodeCacheSize=
#   JVM is running with Unscaled Compressed Oops mode in which the Java heap is
#     placed in the first 4GB address space. The Java Heap base address is the
#     maximum limit for the native heap growth. Please use -XX:HeapBaseMinAddress
#     to set the Java Heap base and to place the Java Heap above 4GB virtual address.
# This output file may be truncated or incomplete.
#
#  Out of Memory Error (./open/src/hotspot/os/windows/os_windows.cpp:3321), pid=28784, tid=29284
#
# JRE version: OpenJDK Runtime Environment (15.0.2+7) (build 15.0.2+7-27)
# Java VM: OpenJDK 64-Bit Server VM (15.0.2+7-27, mixed mode, tiered, compressed oops, g1 gc, windows-amd64)
# No core dump will be written. Minidumps are not enabled by default on client versions of Windows
#

---------------  S U M M A R Y ------------

Command Line: --module-path=C:\Program Files\Java\javafx-sdk-11.0.2\lib --add-modules=javafx.controls,javafx.fxml -Dfile.encoding=UTF-8 --module-path=C:\Users\User\eclipse-workspace\Test\bin;C:\Users\User\.p2\pool\plugins\org.eclipse.fx.ide.css.jfx8_3.7.0.202010120832.jar;C:\Program Files\Java\javafx-sdk-11.0.2\lib\javafx.base.jar;C:\Program Files\Java\javafx-sdk-11.0.2\lib\javafx.controls.jar;C:\Program Files\Java\javafx-sdk-11.0.2\lib\javafx.fxml.jar;C:\Program Files\Java\javafx-sdk-11.0.2\lib\javafx.graphics.jar;C:\Program Files\Java\javafx-sdk-11.0.2\lib\javafx.media.jar;C:\Program Files\Java\javafx-sdk-11.0.2\lib\javafx.swing.jar;C:\Program Files\Java\javafx-sdk-11.0.2\lib\javafx.web.jar;C:\Program Files\Java\javafx-sdk-11.0.2\lib\javafx-swt.jar -XX:+ShowCodeDetailsInExceptionMessages -Djdk.module.main=Test Test/view.Main

Host: Intel(R) Core(TM) i5-1035G1 CPU @ 1.00GHz, 8 cores, 7G,  Windows 10 , 64 bit Build 19041 (10.0.19041.1151)
Time: Sun Aug 29 18:54:57 2021 Jerusalem Summer Time elapsed time: 30.901296 seconds (0d 0h 0m 30s)

---------------  T H R E A D  ---------------

Current thread (0x000002753548b440):  VMThread "VM Thread" [stack: 0x0000007992100000,0x0000007992200000] [id=29284]

Stack: [0x0000007992100000,0x0000007992200000]
[error occurred during error reporting (printing stack bounds), id 0xc0000005, EXCEPTION_ACCESS_VIOLATION (0xc0000005) at pc=0x000002751edc1267]

Native frames: (J=compiled Java code, j=interpreted, Vv=VM code, C=native code)
V  [jvm.dll+0x62ae9a]
V  [jvm.dll+0x7817a9]
V  [jvm.dll+0x782f03]
V  [jvm.dll+0x7834c5]
V  [jvm.dll+0x78347b]
V  [jvm.dll+0x62a2b9]
V  [jvm.dll+0x62aa88]
C  [ntdll.dll+0xa217f]
C  [ntdll.dll+0x51454]
C  [ntdll.dll+0xa0cae]
C  0x000002751edc1267

VM_Operation (0x000000799b1fe950): G1CollectForAllocation, mode: safepoint, requested by thread 0x000002753c09a7a0


---------------  P R O C E S S  ---------------

Threads class SMR info:
_java_thread_list=0x000002753d2a0b10, length=42, elements={
0x000002751b3a3ae0, 0x0000027535cd2020, 0x0000027535cd2ad0, 0x00000275354ae500,
0x0000027535cb8070, 0x0000027535cb8a30, 0x0000027535cbcc30, 0x0000027535d224e0,
0x0000027535d6d290, 0x000002751b47d810, 0x00000275363e7680, 0x00000275363dc4d0,
0x0000027536775ea0, 0x000002753677a1e0, 0x00000275360adbb0, 0x0000027535fe8cc0,
0x0000027535d503e0, 0x000002753674b5b0, 0x0000027535f2d120, 0x000002753c4ace70,
0x00000275366ebcb0, 0x00000275366eb7e0, 0x00000275366ec180, 0x00000275366ea970,
0x00000275366ecb20, 0x000002753c09b610, 0x000002753c09d7c0, 0x000002753c098f90,
0x000002753bc72ed0, 0x000002753c9a2990, 0x000002753c099930, 0x000002753c93c530,
0x000002753c099460, 0x000002753c93ced0, 0x000002753c93b6c0, 0x000002753c9a2e60,
0x000002753c9a3330, 0x000002753bc72530, 0x000002753bc72060, 0x000002753db75aa0,
0x000002753c09a7a0, 0x000002753c9a3800
}

Java Threads: ( => current thread )
  0x000002751b3a3ae0 JavaThread "main" [_thread_blocked, id=29392, stack(0x0000007991b00000,0x0000007991c00000)]
  0x0000027535cd2020 JavaThread "Reference Handler" daemon [_thread_blocked, id=29460, stack(0x0000007992200000,0x0000007992300000)]
  0x0000027535cd2ad0 JavaThread "Finalizer" daemon [_thread_blocked, id=29456, stack(0x0000007992300000,0x0000007992400000)]
  0x00000275354ae500 JavaThread "Signal Dispatcher" daemon [_thread_blocked, id=29904, stack(0x0000007992400000,0x0000007992500000)]
  0x0000027535cb8070 JavaThread "Attach Listener" daemon [_thread_blocked, id=29908, stack(0x0000007992500000,0x0000007992600000)]
  0x0000027535cb8a30 JavaThread "Service Thread" daemon [_thread_blocked, id=29912, stack(0x0000007992600000,0x0000007992700000)]
  0x0000027535cbcc30 JavaThread "C2 CompilerThread0" daemon [_thread_blocked, id=29916, stack(0x0000007992700000,0x0000007992800000)]
  0x0000027535d224e0 JavaThread "C1 CompilerThread0" daemon [_thread_blocked, id=29924, stack(0x0000007992800000,0x0000007992900000)]
  0x0000027535d6d290 JavaThread "Sweeper thread" daemon [_thread_blocked, id=29928, stack(0x0000007992900000,0x0000007992a00000)]
  0x000002751b47d810 JavaThread "Common-Cleaner" daemon [_thread_blocked, id=30076, stack(0x0000007992a00000,0x0000007992b00000)]
  0x00000275363e7680 JavaThread "Notification Thread" daemon [_thread_blocked, id=7588, stack(0x0000007992b00000,0x0000007992c00000)]
  0x00000275363dc4d0 JavaThread "QuantumRenderer-0" daemon [_thread_blocked, id=31336, stack(0x0000007992d00000,0x0000007992e00000)]
  0x0000027536775ea0 JavaThread "InvokeLaterDispatcher" daemon [_thread_blocked, id=31864, stack(0x0000007992e00000,0x0000007992f00000)]
  0x000002753677a1e0 JavaThread "JavaFX Application Thread" [_thread_blocked, id=31868, stack(0x0000007992f00000,0x0000007993000000)]
  0x00000275360adbb0 JavaThread "Thread-1" daemon [_thread_blocked, id=10792, stack(0x0000007993300000,0x0000007993400000)]
  0x0000027535fe8cc0 JavaThread "JavaFX-Launcher" [_thread_blocked, id=32944, stack(0x0000007993400000,0x0000007993500000)]
  0x0000027535d503e0 JavaThread "JFXMedia Player EventQueueThread" daemon [_thread_blocked, id=33844, stack(0x0000007993d00000,0x0000007993e00000)]
  0x000002753674b5b0 JavaThread "JFXMedia Player EventQueueThread" daemon [_thread_blocked, id=34276, stack(0x0000007994000000,0x0000007994100000)]
  0x0000027535f2d120 JavaThread "JFXMedia Player EventQueueThread" daemon [_thread_blocked, id=34352, stack(0x0000007994300000,0x0000007994400000)]
  0x000002753c4ace70 JavaThread "JFXMedia Player EventQueueThread" daemon [_thread_blocked, id=34556, stack(0x0000007994900000,0x0000007994a00000)]
  0x00000275366ebcb0 JavaThread "JFXMedia Player EventQueueThread" daemon [_thread_blocked, id=34632, stack(0x0000007994c00000,0x0000007994d00000)]
  0x00000275366eb7e0 JavaThread "JFXMedia Player EventQueueThread" daemon [_thread_blocked, id=34772, stack(0x0000007994f00000,0x0000007995000000)]
  0x00000275366ec180 JavaThread "JFXMedia Player EventQueueThread" daemon [_thread_blocked, id=34088, stack(0x0000007995100000,0x0000007995200000)]
  0x00000275366ea970 JavaThread "JFXMedia Player EventQueueThread" daemon [_thread_blocked, id=34176, stack(0x0000007995300000,0x0000007995400000)]
  0x00000275366ecb20 JavaThread "JFXMedia Player EventQueueThread" daemon [_thread_blocked, id=34452, stack(0x0000007995a00000,0x0000007995b00000)]
  0x000002753c09b610 JavaThread "JFXMedia Player EventQueueThread" daemon [_thread_blocked, id=34592, stack(0x0000007995c00000,0x0000007995d00000)]
  0x000002753c09d7c0 JavaThread "JFXMedia Player EventQueueThread" daemon [_thread_blocked, id=34748, stack(0x0000007995e00000,0x0000007995f00000)]
  0x000002753c098f90 JavaThread "JFXMedia Player EventQueueThread" daemon [_thread_blocked, id=34336, stack(0x0000007997f00000,0x0000007998000000)]
  0x000002753bc72ed0 JavaThread "JFXMedia Player EventQueueThread" daemon [_thread_blocked, id=12480, stack(0x0000007998300000,0x0000007998400000)]
  0x000002753c9a2990 JavaThread "JFXMedia Player EventQueueThread" daemon [_thread_blocked, id=34856, stack(0x000000799a200000,0x000000799a300000)]
  0x000002753c099930 JavaThread "JFXMedia Player EventQueueThread" daemon [_thread_blocked, id=35048, stack(0x000000799b000000,0x000000799b100000)]
  0x000002753c93c530 JavaThread "JFXMedia Player EventQueueThread" daemon [_thread_blocked, id=35456, stack(0x000000799e900000,0x000000799ea00000)]
  0x000002753c099460 JavaThread "JFXMedia Player EventQueueThread" daemon [_thread_blocked, id=35608, stack(0x000000799f900000,0x000000799fa00000)]
  0x000002753c93ced0 JavaThread "JFXMedia Player EventQueueThread" daemon [_thread_blocked, id=35684, stack(0x00000079a0100000,0x00000079a0200000)]
  0x000002753c93b6c0 JavaThread "JFXMedia Player EventQueueThread" daemon [_thread_blocked, id=35816, stack(0x00000079a1200000,0x00000079a1300000)]
  0x000002753c9a2e60 JavaThread "Media Resource Disposer" daemon [_thread_blocked, id=35824, stack(0x00000079a1400000,0x00000079a1500000)]
  0x000002753c9a3330 JavaThread "JFXMedia Player EventQueueThread" daemon [_thread_blocked, id=34284, stack(0x00000079a1a00000,0x00000079a1b00000)]
  0x000002753bc72530 JavaThread "JFXMedia Player EventQueueThread" daemon [_thread_blocked, id=35092, stack(0x00000079a1c00000,0x00000079a1d00000)]
  0x000002753bc72060 JavaThread "Thread-3734" daemon [_thread_blocked, id=12464, stack(0x0000007998400000,0x0000007998500000)]
  0x000002753db75aa0 JavaThread "Thread-3920" daemon [_thread_blocked, id=2356, stack(0x0000007997100000,0x0000007997200000)]
  0x000002753c09a7a0 JavaThread "Unknown thread" [_thread_blocked, id=35052, stack(0x000000799b100000,0x000000799b200000)]
  0x000002753c9a3800 JavaThread "Unknown thread" [_thread_blocked, id=34464, stack(0x0000007995b00000,0x0000007995c00000)]

Other Threads:
=>0x000002753548b440 VMThread "VM Thread" [stack: 0x0000007992100000,0x0000007992200000] [id=29284]
  0x00000275360aecb0 WatcherThread [stack: 0x0000007992c00000,0x0000007992d00000] [id=29956]
  0x000002751b3df420 GCTaskThread "GC Thread#0" [stack: 0x0000007991c00000,0x0000007991d00000] [id=28844]
  0x0000027536786d10 GCTaskThread "GC Thread#1" [stack: 0x0000007993500000,0x0000007993600000] [id=33376]
  0x00000275367879d0 GCTaskThread "GC Thread#2" [stack: 0x0000007993600000,0x0000007993700000] [id=33380]
  0x0000027536785060 GCTaskThread "GC Thread#3" [stack: 0x0000007993700000,0x0000007993800000] [id=33384]
  0x0000027536785390 GCTaskThread "GC Thread#4" [stack: 0x0000007993800000,0x0000007993900000] [id=33388]
  0x0000027536785d20 GCTaskThread "GC Thread#5" [stack: 0x0000007993900000,0x0000007993a00000] [id=33392]
  0x000002751b3f0850 ConcurrentGCThread "G1 Main Marker" [stack: 0x0000007991d00000,0x0000007991e00000] [id=28840]
  0x000002751b3f24d0 ConcurrentGCThread "G1 Conc#0" [stack: 0x0000007991e00000,0x0000007991f00000] [id=28876]
  0x000002753d78e520 ConcurrentGCThread "G1 Conc#1" [stack: 0x00000079a0a00000,0x00000079a0b00000] [id=35752]
  0x00000275352c0090 ConcurrentGCThread "G1 Refine#0" [stack: 0x0000007991f00000,0x0000007992000000] [id=29056]
  0x00000275352c18f0 ConcurrentGCThread "G1 Young RemSet Sampling" [stack: 0x0000007992000000,0x0000007992100000] [id=29064]

Threads with active compile tasks:

VM state: at safepoint (normal execution)

VM Mutex/Monitor currently owned by a thread:  ([mutex/lock_event])
[0x000002751b39eae0] Threads_lock - owner thread: 0x000002753548b440
[0x000002751b39f2c0] Heap_lock - owner thread: 0x000002753c09a7a0

Heap address: 0x0000000083200000, size: 1998 MB, Compressed Oops mode: 32-bit
CDS disabled.
Compressed class space mapped at: 0x0000000100000000-0x0000000140000000, size: 1073741824
Narrow klass base: 0x0000000000000000, Narrow klass shift: 3, Narrow klass range: 0x140000000

GC Precious Log:
 CPUs: 8 total, 8 available
 Memory: 7987M
 Large Page Support: Disabled
 NUMA Support: Disabled
 Compressed Oops: Enabled (32-bit)
 Heap Region Size: 1M
 Heap Min Capacity: 8M
 Heap Initial Capacity: 126M
 Heap Max Capacity: 1998M
 Pre-touch: Disabled
 Parallel Workers: 8
 Concurrent Workers: 2
 Concurrent Refinement Workers: 8
 Periodic GC: Disabled

Heap:
 garbage-first heap   total 164864K, used 73158K [0x0000000083200000, 0x0000000100000000)
  region size 1024K, 2 young (2048K), 2 survivors (2048K)
 Metaspace       used 19616K, capacity 20024K, committed 20224K, reserved 1067008K
  class space    used 2102K, capacity 2220K, committed 2304K, reserved 1048576K

Heap Regions: E=young(eden), S=young(survivor), O=old, HS=humongous(starts), HC=humongous(continues), CS=collection set, F=free, OA=open archive, CA=closed archive, TAMS=top-at-mark-start (previous, next)
|   0|0x0000000083200000, 0x0000000083300000, 0x0000000083300000|100%| O|  |TAMS 0x0000000083300000, 0x0000000083300000| Untracked 
|   1|0x0000000083300000, 0x0000000083400000, 0x0000000083400000|100%|HS|  |TAMS 0x0000000083400000, 0x0000000083400000| Complete 
|   2|0x0000000083400000, 0x0000000083500000, 0x0000000083500000|100%|HC|  |TAMS 0x0000000083500000, 0x0000000083500000| Complete 
|   3|0x0000000083500000, 0x0000000083600000, 0x0000000083600000|100%|HC|  |TAMS 0x0000000083600000, 0x0000000083600000| Complete 
|   4|0x0000000083600000, 0x0000000083700000, 0x0000000083700000|100%|HS|  |TAMS 0x0000000083700000, 0x0000000083700000| Complete 
|   5|0x0000000083700000, 0x0000000083800000, 0x0000000083800000|100%|HC|  |TAMS 0x0000000083800000, 0x0000000083800000| Complete 
|   6|0x0000000083800000, 0x0000000083900000, 0x0000000083900000|100%|HC|  |TAMS 0x0000000083900000, 0x0000000083900000| Complete 
|   7|0x0000000083900000, 0x0000000083a00000, 0x0000000083a00000|100%|HS|  |TAMS 0x0000000083a00000, 0x0000000083a00000| Complete 
|   8|0x0000000083a00000, 0x0000000083b00000, 0x0000000083b00000|100%|HC|  |TAMS 0x0000000083b00000, 0x0000000083b00000| Complete 
|   9|0x0000000083b00000, 0x0000000083c00000, 0x0000000083c00000|100%|HC|  |TAMS 0x0000000083c00000, 0x0000000083c00000| Complete 
|  10|0x0000000083c00000, 0x0000000083d00000, 0x0000000083d00000|100%|HS|  |TAMS 0x0000000083d00000, 0x0000000083d00000| Complete 
|  11|0x0000000083d00000, 0x0000000083e00000, 0x0000000083e00000|100%|HC|  |TAMS 0x0000000083e00000, 0x0000000083e00000| Complete 
|  12|0x0000000083e00000, 0x0000000083f00000, 0x0000000083f00000|100%|HC|  |TAMS 0x0000000083f00000, 0x0000000083f00000| Complete 
|  13|0x0000000083f00000, 0x0000000084000000, 0x0000000084000000|100%|HS|  |TAMS 0x0000000084000000, 0x0000000084000000| Complete 
|  14|0x0000000084000000, 0x0000000084100000, 0x0000000084100000|100%|HC|  |TAMS 0x0000000084100000, 0x0000000084100000| Complete 
|  15|0x0000000084100000, 0x0000000084200000, 0x0000000084200000|100%|HC|  |TAMS 0x0000000084200000, 0x0000000084200000| Complete 
|  16|0x0000000084200000, 0x0000000084300000, 0x0000000084300000|100%|HS|  |TAMS 0x0000000084300000, 0x0000000084300000| Complete 
|  17|0x0000000084300000, 0x0000000084400000, 0x0000000084400000|100%|HC|  |TAMS 0x0000000084400000, 0x0000000084400000| Complete 
|  18|0x0000000084400000, 0x0000000084500000, 0x0000000084500000|100%|HC|  |TAMS 0x0000000084500000, 0x0000000084500000| Complete 
|  19|0x0000000084500000, 0x0000000084600000, 0x0000000084600000|100%| O|  |TAMS 0x0000000084600000, 0x0000000084600000| Untracked 
|  20|0x0000000084600000, 0x0000000084700000, 0x0000000084700000|100%| O|  |TAMS 0x0000000084700000, 0x0000000084700000| Untracked 
|  21|0x0000000084700000, 0x0000000084800000, 0x0000000084800000|100%| O|  |TAMS 0x0000000084800000, 0x0000000084800000| Untracked 
|  22|0x0000000084800000, 0x0000000084900000, 0x0000000084900000|100%|HS|  |TAMS 0x0000000084900000, 0x0000000084900000| Complete 
|  23|0x0000000084900000, 0x0000000084a00000, 0x0000000084a00000|100%|HC|  |TAMS 0x0000000084a00000, 0x0000000084a00000| Complete 
|  24|0x0000000084a00000, 0x0000000084b00000, 0x0000000084b00000|100%|HC|  |TAMS 0x0000000084b00000, 0x0000000084b00000| Complete 
|  25|0x0000000084b00000, 0x0000000084c00000, 0x0000000084c00000|100%|HS|  |TAMS 0x0000000084c00000, 0x0000000084c00000| Complete 
|  26|0x0000000084c00000, 0x0000000084d00000, 0x0000000084d00000|100%|HC|  |TAMS 0x0000000084d00000, 0x0000000084d00000| Complete 
|  27|0x0000000084d00000, 0x0000000084e00000, 0x0000000084e00000|100%|HC|  |TAMS 0x0000000084e00000, 0x0000000084e00000| Complete 
|  28|0x0000000084e00000, 0x0000000084f00000, 0x0000000084f00000|100%|HS|  |TAMS 0x0000000084f00000, 0x0000000084f00000| Complete 
|  29|0x0000000084f00000, 0x0000000085000000, 0x0000000085000000|100%|HC|  |TAMS 0x0000000085000000, 0x0000000085000000| Complete 
|  30|0x0000000085000000, 0x0000000085100000, 0x0000000085100000|100%|HC|  |TAMS 0x0000000085100000, 0x0000000085100000| Complete 
|  31|0x0000000085100000, 0x0000000085200000, 0x0000000085200000|100%|HS|  |TAMS 0x0000000085200000, 0x0000000085200000| Complete 
|  32|0x0000000085200000, 0x0000000085300000, 0x0000000085300000|100%|HC|  |TAMS 0x0000000085300000, 0x0000000085300000| Complete 
|  33|0x0000000085300000, 0x0000000085400000, 0x0000000085400000|100%|HC|  |TAMS 0x0000000085400000, 0x0000000085400000| Complete 
|  34|0x0000000085400000, 0x0000000085500000, 0x0000000085500000|100%|HS|  |TAMS 0x0000000085500000, 0x0000000085500000| Complete 
|  35|0x0000000085500000, 0x0000000085600000, 0x0000000085600000|100%|HC|  |TAMS 0x0000000085600000, 0x0000000085600000| Complete 
|  36|0x0000000085600000, 0x0000000085700000, 0x0000000085700000|100%|HC|  |TAMS 0x0000000085700000, 0x0000000085700000| Complete 
|  37|0x0000000085700000, 0x0000000085800000, 0x0000000085800000|100%|HS|  |TAMS 0x0000000085800000, 0x0000000085800000| Complete 
|  38|0x0000000085800000, 0x0000000085900000, 0x0000000085900000|100%|HC|  |TAMS 0x0000000085900000, 0x0000000085900000| Complete 
|  39|0x0000000085900000, 0x0000000085a00000, 0x0000000085a00000|100%|HC|  |TAMS 0x0000000085a00000, 0x0000000085a00000| Complete 
|  40|0x0000000085a00000, 0x0000000085b00000, 0x0000000085b00000|100%|HS|  |TAMS 0x0000000085b00000, 0x0000000085b00000| Complete 
|  41|0x0000000085b00000, 0x0000000085c00000, 0x0000000085c00000|100%|HC|  |TAMS 0x0000000085c00000, 0x0000000085c00000| Complete 
|  42|0x0000000085c00000, 0x0000000085d00000, 0x0000000085d00000|100%|HC|  |TAMS 0x0000000085d00000, 0x0000000085d00000| Complete 
|  43|0x0000000085d00000, 0x0000000085e00000, 0x0000000085e00000|100%|HS|  |TAMS 0x0000000085e00000, 0x0000000085e00000| Complete 
|  44|0x0000000085e00000, 0x0000000085f00000, 0x0000000085f00000|100%|HC|  |TAMS 0x0000000085f00000, 0x0000000085f00000| Complete 
|  45|0x0000000085f00000, 0x0000000086000000, 0x0000000086000000|100%|HC|  |TAMS 0x0000000086000000, 0x0000000086000000| Complete 
|  46|0x0000000086000000, 0x0000000086100000, 0x0000000086100000|100%|HS|  |TAMS 0x0000000086100000, 0x0000000086100000| Complete 
|  47|0x0000000086100000, 0x0000000086200000, 0x0000000086200000|100%|HC|  |TAMS 0x0000000086200000, 0x0000000086200000| Complete 
|  48|0x0000000086200000, 0x0000000086300000, 0x0000000086300000|100%|HC|  |TAMS 0x0000000086300000, 0x0000000086300000| Complete 
|  49|0x0000000086300000, 0x0000000086400000, 0x0000000086400000|100%|HS|  |TAMS 0x0000000086400000, 0x0000000086400000| Complete 
|  50|0x0000000086400000, 0x0000000086500000, 0x0000000086500000|100%|HC|  |TAMS 0x0000000086500000, 0x0000000086500000| Complete 
|  51|0x0000000086500000, 0x0000000086600000, 0x0000000086600000|100%|HC|  |TAMS 0x0000000086600000, 0x0000000086600000| Complete 
|  52|0x0000000086600000, 0x0000000086700000, 0x0000000086700000|100%|HS|  |TAMS 0x0000000086700000, 0x0000000086700000| Complete 
|  53|0x0000000086700000, 0x0000000086800000, 0x0000000086800000|100%|HC|  |TAMS 0x0000000086800000, 0x0000000086800000| Complete 
|  54|0x0000000086800000, 0x0000000086900000, 0x0000000086900000|100%|HC|  |TAMS 0x0000000086900000, 0x0000000086900000| Complete 
|  55|0x0000000086900000, 0x0000000086a00000, 0x0000000086a00000|100%| O|  |TAMS 0x0000000086a00000, 0x0000000086a00000| Untracked 
|  56|0x0000000086a00000, 0x0000000086b00000, 0x0000000086b00000|100%| O|  |TAMS 0x0000000086b00000, 0x0000000086b00000| Untracked 
|  57|0x0000000086b00000, 0x0000000086ba6600, 0x0000000086c00000| 64%| O|  |TAMS 0x0000000086ba6600, 0x0000000086ba6600| Untracked 
|  58|0x0000000086c00000, 0x0000000086d00000, 0x0000000086d00000|100%|HS|  |TAMS 0x0000000086d00000, 0x0000000086d00000| Complete 
|  59|0x0000000086d00000, 0x0000000086e00000, 0x0000000086e00000|100%|HC|  |TAMS 0x0000000086e00000, 0x0000000086e00000| Complete 
|  60|0x0000000086e00000, 0x0000000086f00000, 0x0000000086f00000|100%|HC|  |TAMS 0x0000000086f00000, 0x0000000086f00000| Complete 
|  61|0x0000000086f00000, 0x0000000087000000, 0x0000000087000000|100%|HS|  |TAMS 0x0000000087000000, 0x0000000087000000| Complete 
|  62|0x0000000087000000, 0x0000000087100000, 0x0000000087100000|100%|HC|  |TAMS 0x0000000087100000, 0x0000000087100000| Complete 
|  63|0x0000000087100000, 0x0000000087200000, 0x0000000087200000|100%|HC|  |TAMS 0x0000000087200000, 0x0000000087200000| Complete 
|  64|0x0000000087200000, 0x0000000087300000, 0x0000000087300000|100%|HS|  |TAMS 0x0000000087300000, 0x0000000087300000| Complete 
|  65|0x0000000087300000, 0x0000000087400000, 0x0000000087400000|100%|HC|  |TAMS 0x0000000087400000, 0x0000000087400000| Complete 
|  66|0x0000000087400000, 0x0000000087500000, 0x0000000087500000|100%|HC|  |TAMS 0x0000000087500000, 0x0000000087500000| Complete 
|  67|0x0000000087500000, 0x0000000087600000, 0x0000000087600000|100%|HS|  |TAMS 0x0000000087500000, 0x0000000087600000| Complete 
|  68|0x0000000087600000, 0x0000000087700000, 0x0000000087700000|100%|HC|  |TAMS 0x0000000087600000, 0x0000000087700000| Complete 
|  69|0x0000000087700000, 0x0000000087800000, 0x0000000087800000|100%|HC|  |TAMS 0x0000000087700000, 0x0000000087800000| Complete 
|  70|0x0000000087800000, 0x0000000087800000, 0x0000000087900000|  0%| F|  |TAMS 0x0000000087800000, 0x0000000087800000| Untracked 
|  71|0x0000000087900000, 0x0000000087900000, 0x0000000087a00000|  0%| F|  |TAMS 0x0000000087900000, 0x0000000087900000| Untracked 
|  72|0x0000000087a00000, 0x0000000087a00000, 0x0000000087b00000|  0%| F|  |TAMS 0x0000000087a00000, 0x0000000087a00000| Untracked 
|  73|0x0000000087b00000, 0x0000000087b00000, 0x0000000087c00000|  0%| F|  |TAMS 0x0000000087b00000, 0x0000000087b00000| Untracked 
|  74|0x0000000087c00000, 0x0000000087c00000, 0x0000000087d00000|  0%| F|  |TAMS 0x0000000087c00000, 0x0000000087c00000| Untracked 
|  75|0x0000000087d00000, 0x0000000087d00000, 0x0000000087e00000|  0%| F|  |TAMS 0x0000000087d00000, 0x0000000087d00000| Untracked 
|  76|0x0000000087e00000, 0x0000000087e00000, 0x0000000087f00000|  0%| F|  |TAMS 0x0000000087e00000, 0x0000000087e00000| Untracked 
|  77|0x0000000087f00000, 0x0000000087f00000, 0x0000000088000000|  0%| F|  |TAMS 0x0000000087f00000, 0x0000000087f00000| Untracked 
|  78|0x0000000088000000, 0x0000000088000000, 0x0000000088100000|  0%| F|  |TAMS 0x0000000088000000, 0x0000000088000000| Untracked 
|  79|0x0000000088100000, 0x0000000088100000, 0x0000000088200000|  0%| F|  |TAMS 0x0000000088100000, 0x0000000088100000| Untracked 
|  80|0x0000000088200000, 0x0000000088200000, 0x0000000088300000|  0%| F|  |TAMS 0x0000000088200000, 0x0000000088200000| Untracked 
|  81|0x0000000088300000, 0x0000000088300000, 0x0000000088400000|  0%| F|  |TAMS 0x0000000088300000, 0x0000000088300000| Untracked 
|  82|0x0000000088400000, 0x0000000088400000, 0x0000000088500000|  0%| F|  |TAMS 0x0000000088400000, 0x0000000088400000| Untracked 
|  83|0x0000000088500000, 0x0000000088500000, 0x0000000088600000|  0%| F|  |TAMS 0x0000000088500000, 0x0000000088500000| Untracked 
|  84|0x0000000088600000, 0x0000000088600000, 0x0000000088700000|  0%| F|  |TAMS 0x0000000088600000, 0x0000000088600000| Untracked 
|  85|0x0000000088700000, 0x00000000887cb418, 0x0000000088800000| 79%| S|CS|TAMS 0x0000000088700000, 0x0000000088700000| Complete 
|  86|0x0000000088800000, 0x0000000088900000, 0x0000000088900000|100%| S|CS|TAMS 0x0000000088800000, 0x0000000088800000| Complete 
|  87|0x0000000088900000, 0x0000000088900000, 0x0000000088a00000|  0%| F|  |TAMS 0x0000000088900000, 0x0000000088900000| Untracked 
|  88|0x0000000088a00000, 0x0000000088a00000, 0x0000000088b00000|  0%| F|  |TAMS 0x0000000088a00000, 0x0000000088a00000| Untracked 
|  89|0x0000000088b00000, 0x0000000088b00000, 0x0000000088c00000|  0%| F|  |TAMS 0x0000000088b00000, 0x0000000088b00000| Untracked 
|  90|0x0000000088c00000, 0x0000000088c00000, 0x0000000088d00000|  0%| F|  |TAMS 0x0000000088c00000, 0x0000000088c00000| Untracked 
|  91|0x0000000088d00000, 0x0000000088d00000, 0x0000000088e00000|  0%| F|  |TAMS 0x0000000088d00000, 0x0000000088d00000| Untracked 
|  92|0x0000000088e00000, 0x0000000088e00000, 0x0000000088f00000|  0%| F|  |TAMS 0x0000000088e00000, 0x0000000088e00000| Untracked 
|  93|0x0000000088f00000, 0x0000000088f00000, 0x0000000089000000|  0%| F|  |TAMS 0x0000000088f00000, 0x0000000088f00000| Untracked 
|  94|0x0000000089000000, 0x0000000089000000, 0x0000000089100000|  0%| F|  |TAMS 0x0000000089000000, 0x0000000089000000| Untracked 
|  95|0x0000000089100000, 0x0000000089100000, 0x0000000089200000|  0%| F|  |TAMS 0x0000000089100000, 0x0000000089100000| Untracked 
|  96|0x0000000089200000, 0x0000000089200000, 0x0000000089300000|  0%| F|  |TAMS 0x0000000089200000, 0x0000000089200000| Untracked 
|  97|0x0000000089300000, 0x0000000089300000, 0x0000000089400000|  0%| F|  |TAMS 0x0000000089300000, 0x0000000089300000| Untracked 
|  98|0x0000000089400000, 0x0000000089400000, 0x0000000089500000|  0%| F|  |TAMS 0x0000000089400000, 0x0000000089400000| Untracked 
|  99|0x0000000089500000, 0x0000000089500000, 0x0000000089600000|  0%| F|  |TAMS 0x0000000089500000, 0x0000000089500000| Untracked 
| 100|0x0000000089600000, 0x0000000089600000, 0x0000000089700000|  0%| F|  |TAMS 0x0000000089600000, 0x0000000089600000| Untracked 
| 101|0x0000000089700000, 0x0000000089700000, 0x0000000089800000|  0%| F|  |TAMS 0x0000000089700000, 0x0000000089700000| Untracked 
| 102|0x0000000089800000, 0x0000000089800000, 0x0000000089900000|  0%| F|  |TAMS 0x0000000089800000, 0x0000000089800000| Untracked 
| 103|0x0000000089900000, 0x0000000089900000, 0x0000000089a00000|  0%| F|  |TAMS 0x0000000089900000, 0x0000000089900000| Untracked 
| 104|0x0000000089a00000, 0x0000000089a00000, 0x0000000089b00000|  0%| F|  |TAMS 0x0000000089a00000, 0x0000000089a00000| Untracked 
| 105|0x0000000089b00000, 0x0000000089b00000, 0x0000000089c00000|  0%| F|  |TAMS 0x0000000089b00000, 0x0000000089b00000| Untracked 
| 106|0x0000000089c00000, 0x0000000089c00000, 0x0000000089d00000|  0%| F|  |TAMS 0x0000000089c00000, 0x0000000089c00000| Untracked 
| 107|0x0000000089d00000, 0x0000000089d00000, 0x0000000089e00000|  0%| F|  |TAMS 0x0000000089d00000, 0x0000000089d00000| Untracked 
| 108|0x0000000089e00000, 0x0000000089e00000, 0x0000000089f00000|  0%| F|  |TAMS 0x0000000089e00000, 0x0000000089e00000| Untracked 
| 109|0x0000000089f00000, 0x0000000089f00000, 0x000000008a000000|  0%| F|  |TAMS 0x0000000089f00000, 0x0000000089f00000| Untracked 
| 110|0x000000008a000000, 0x000000008a000000, 0x000000008a100000|  0%| F|  |TAMS 0x000000008a000000, 0x000000008a000000| Untracked 
| 111|0x000000008a100000, 0x000000008a100000, 0x000000008a200000|  0%| F|  |TAMS 0x000000008a100000, 0x000000008a100000| Untracked 
| 112|0x000000008a200000, 0x000000008a200000, 0x000000008a300000|  0%| F|  |TAMS 0x000000008a200000, 0x000000008a200000| Untracked 
| 113|0x000000008a300000, 0x000000008a300000, 0x000000008a400000|  0%| F|  |TAMS 0x000000008a300000, 0x000000008a300000| Untracked 
| 114|0x000000008a400000, 0x000000008a400000, 0x000000008a500000|  0%| F|  |TAMS 0x000000008a400000, 0x000000008a400000| Untracked 
| 115|0x000000008a500000, 0x000000008a500000, 0x000000008a600000|  0%| F|  |TAMS 0x000000008a500000, 0x000000008a500000| Untracked 
| 116|0x000000008a600000, 0x000000008a600000, 0x000000008a700000|  0%| F|  |TAMS 0x000000008a600000, 0x000000008a600000| Untracked 
| 117|0x000000008a700000, 0x000000008a700000, 0x000000008a800000|  0%| F|  |TAMS 0x000000008a700000, 0x000000008a700000| Untracked 
| 118|0x000000008a800000, 0x000000008a800000, 0x000000008a900000|  0%| F|  |TAMS 0x000000008a800000, 0x000000008a800000| Untracked 
| 119|0x000000008a900000, 0x000000008a900000, 0x000000008aa00000|  0%| F|  |TAMS 0x000000008a900000, 0x000000008a900000| Untracked 
| 120|0x000000008aa00000, 0x000000008aa00000, 0x000000008ab00000|  0%| F|  |TAMS 0x000000008aa00000, 0x000000008aa00000| Untracked 
| 121|0x000000008ab00000, 0x000000008ab00000, 0x000000008ac00000|  0%| F|  |TAMS 0x000000008ab00000, 0x000000008ab00000| Untracked 
| 122|0x000000008ac00000, 0x000000008ac00000, 0x000000008ad00000|  0%| F|  |TAMS 0x000000008ac00000, 0x000000008ac00000| Untracked 
| 123|0x000000008ad00000, 0x000000008ad00000, 0x000000008ae00000|  0%| F|  |TAMS 0x000000008ad00000, 0x000000008ad00000| Untracked 
| 124|0x000000008ae00000, 0x000000008ae00000, 0x000000008af00000|  0%| F|  |TAMS 0x000000008ae00000, 0x000000008ae00000| Untracked 
| 125|0x000000008af00000, 0x000000008af00000, 0x000000008b000000|  0%| F|  |TAMS 0x000000008af00000, 0x000000008af00000| Untracked 

Card table byte_map: [0x000002752e3d0000,0x000002752e7c0000] _byte_map_base: 0x000002752dfb7000

Marking Bits (Prev, Next): (CMBitMap*) 0x000002751b3dfc90, (CMBitMap*) 0x000002751b3dfcd0
 Prev Bits: [0x000002752ebb0000, 0x0000027530ae8000)
 Next Bits: [0x0000027530af0000, 0x0000027532a28000)

Polling page: 0x00000275191a0000

Metaspace:

Usage:
  Non-class:     17.39 MB capacity,    17.10 MB ( 98%) used,   256.39 KB (  1%) free+waste,    34.25 KB ( <1%) overhead. 
      Class:      2.17 MB capacity,     2.05 MB ( 95%) used,   103.62 KB (  5%) free+waste,    13.44 KB ( <1%) overhead. 
       Both:     19.55 MB capacity,    19.16 MB ( 98%) used,   360.01 KB (  2%) free+waste,    47.69 KB ( <1%) overhead. 

Virtual space:
  Non-class space:       18.00 MB reserved,      17.50 MB ( 97%) committed 
      Class space:        1.00 GB reserved,       2.25 MB ( <1%) committed 
             Both:        1.02 GB reserved,      19.75 MB (  2%) committed 

Chunk freelists:
   Non-Class:  52.00 KB
       Class:  0 bytes
        Both:  52.00 KB

MaxMetaspaceSize: 17179869184.00 GB
CompressedClassSpaceSize: 1.00 GB

CodeHeap 'non-profiled nmethods': size=120000Kb used=933Kb max_used=933Kb free=119067Kb
 bounds [0x0000027526890000, 0x0000027526b00000, 0x000002752ddc0000]
CodeHeap 'profiled nmethods': size=120000Kb used=4759Kb max_used=4759Kb free=115240Kb
 bounds [0x000002751f360000, 0x000002751f810000, 0x0000027526890000]
CodeHeap 'non-nmethods': size=5760Kb used=1301Kb max_used=1353Kb free=4458Kb
 bounds [0x000002751edc0000, 0x000002751f030000, 0x000002751f360000]
 total_blobs=2977 nmethods=2395 adapters=494
 compilation: enabled
              stopped_count=0, restarted_count=0
 full_count=0

Compilation events (20 events):
Event: 29.974 Thread 0x0000027535d224e0 nmethod 2394 0x000002751f801d90 code [0x000002751f801f20, 0x000002751f8020d8]
Event: 29.993 Thread 0x0000027535d224e0 2395       3       java.lang.Class::annotationData (44 bytes)
Event: 29.993 Thread 0x0000027535d224e0 nmethod 2395 0x000002751f802190 code [0x000002751f802360, 0x000002751f802618]
Event: 29.993 Thread 0x0000027535d224e0 2396   !   3       javafx.fxml.FXMLLoader::injectFields (88 bytes)
Event: 29.995 Thread 0x0000027535d224e0 nmethod 2396 0x000002751f802790 code [0x000002751f802a20, 0x000002751f803588]
Event: 30.000 Thread 0x0000027535d224e0 2397   !   3       jdk.internal.reflect.GeneratedMethodAccessor6::invoke (61 bytes)
Event: 30.011 Thread 0x0000027535d224e0 nmethod 2397 0x000002751f803a90 code [0x000002751f803ce0, 0x000002751f804578]
Event: 30.011 Thread 0x0000027535d224e0 2399       3       java.util.TreeMap::<init> (20 bytes)
Event: 30.011 Thread 0x0000027535d224e0 nmethod 2399 0x000002751f804910 code [0x000002751f804ac0, 0x000002751f804cd8]
Event: 30.020 Thread 0x0000027535d224e0 2400       1       java.util.Calendar::getZone (5 bytes)
Event: 30.020 Thread 0x0000027535d224e0 nmethod 2400 0x0000027526977990 code [0x0000027526977b20, 0x0000027526977bd8]
Event: 30.119 Thread 0x0000027535d224e0 2401       3       java.lang.Thread::interrupted (23 bytes)
Event: 30.119 Thread 0x0000027535d224e0 nmethod 2401 0x000002751f804d90 code [0x000002751f804f40, 0x000002751f8050c8]
Event: 30.135 Thread 0x0000027535cbcc30 nmethod 2392 0x0000027526977c90 code [0x0000027526977e40, 0x00000275269784c8]
Event: 30.135 Thread 0x0000027535cbcc30 2398       4       java.util.LinkedList::linkLast (59 bytes)
Event: 30.143 Thread 0x0000027535cbcc30 nmethod 2398 0x0000027526978a10 code [0x0000027526978ba0, 0x0000027526978f18]
Event: 30.588 Thread 0x0000027535d224e0 2403       3       com.sun.org.apache.xerces.internal.util.XMLStringBuffer::<init> (7 bytes)
Event: 30.615 Thread 0x0000027535d224e0 nmethod 2403 0x000002751f805190 code [0x000002751f805340, 0x000002751f805658]
Event: 30.615 Thread 0x0000027535d224e0 2404       3       com.sun.org.apache.xerces.internal.util.XMLStringBuffer::<init> (12 bytes)
Event: 30.615 Thread 0x0000027535d224e0 nmethod 2404 0x000002751f805790 code [0x000002751f805940, 0x000002751f805bf8]

GC Heap History (20 events):
Event: 26.076 GC heap after
{Heap after GC invocations=3 (full 0):
 garbage-first heap   total 129024K, used 41316K [0x0000000083200000, 0x0000000100000000)
  region size 1024K, 4 young (4096K), 4 survivors (4096K)
 Metaspace       used 19321K, capacity 19624K, committed 19968K, reserved 1067008K
  class space    used 2078K, capacity 2183K, committed 2304K, reserved 1048576K
}
Event: 26.100 GC heap before
{Heap before GC invocations=3 (full 0):
 garbage-first heap   total 129024K, used 101732K [0x0000000083200000, 0x0000000100000000)
  region size 1024K, 63 young (64512K), 4 survivors (4096K)
 Metaspace       used 19331K, capacity 19624K, committed 19968K, reserved 1067008K
  class space    used 2078K, capacity 2183K, committed 2304K, reserved 1048576K
}
Event: 26.105 GC heap after
{Heap after GC invocations=4 (full 0):
 garbage-first heap   total 129024K, used 41509K [0x0000000083200000, 0x0000000100000000)
  region size 1024K, 5 young (5120K), 5 survivors (5120K)
 Metaspace       used 19331K, capacity 19624K, committed 19968K, reserved 1067008K
  class space    used 2078K, capacity 2183K, committed 2304K, reserved 1048576K
}
Event: 26.500 GC heap before
{Heap before GC invocations=4 (full 0):
 garbage-first heap   total 129024K, used 111141K [0x0000000083200000, 0x0000000100000000)
  region size 1024K, 67 young (68608K), 5 survivors (5120K)
 Metaspace       used 19370K, capacity 19624K, committed 19968K, reserved 1067008K
  class space    used 2078K, capacity 2183K, committed 2304K, reserved 1048576K
}
Event: 26.517 GC heap after
{Heap after GC invocations=5 (full 0):
 garbage-first heap   total 129024K, used 47784K [0x0000000083200000, 0x0000000100000000)
  region size 1024K, 5 young (5120K), 5 survivors (5120K)
 Metaspace       used 19370K, capacity 19624K, committed 19968K, reserved 1067008K
  class space    used 2078K, capacity 2183K, committed 2304K, reserved 1048576K
}
Event: 27.108 GC heap before
{Heap before GC invocations=5 (full 0):
 garbage-first heap   total 129024K, used 113320K [0x0000000083200000, 0x0000000100000000)
  region size 1024K, 63 young (64512K), 5 survivors (5120K)
 Metaspace       used 19434K, capacity 19723K, committed 19968K, reserved 1067008K
  class space    used 2082K, capacity 2188K, committed 2304K, reserved 1048576K
}
Event: 27.137 GC heap after
{Heap after GC invocations=6 (full 0):
 garbage-first heap   total 129024K, used 54071K [0x0000000083200000, 0x0000000100000000)
  region size 1024K, 5 young (5120K), 5 survivors (5120K)
 Metaspace       used 19434K, capacity 19723K, committed 19968K, reserved 1067008K
  class space    used 2082K, capacity 2188K, committed 2304K, reserved 1048576K
}
Event: 27.746 GC heap before
{Heap before GC invocations=6 (full 0):
 garbage-first heap   total 129024K, used 115511K [0x0000000083200000, 0x0000000100000000)
  region size 1024K, 59 young (60416K), 5 survivors (5120K)
 Metaspace       used 19573K, capacity 19940K, committed 20224K, reserved 1067008K
  class space    used 2096K, capacity 2214K, committed 2304K, reserved 1048576K
}
Event: 27.751 GC heap after
{Heap after GC invocations=7 (full 0):
 garbage-first heap   total 129024K, used 60471K [0x0000000083200000, 0x0000000100000000)
  region size 1024K, 2 young (2048K), 2 survivors (2048K)
 Metaspace       used 19573K, capacity 19940K, committed 20224K, reserved 1067008K
  class space    used 2096K, capacity 2214K, committed 2304K, reserved 1048576K
}
Event: 28.433 GC heap before
{Heap before GC invocations=7 (full 0):
 garbage-first heap   total 129024K, used 100407K [0x0000000083200000, 0x0000000100000000)
  region size 1024K, 42 young (43008K), 2 survivors (2048K)
 Metaspace       used 19580K, capacity 19940K, committed 20224K, reserved 1067008K
  class space    used 2096K, capacity 2214K, committed 2304K, reserved 1048576K
}
Event: 28.559 GC heap after
{Heap after GC invocations=8 (full 0):
 garbage-first heap   total 129024K, used 60518K [0x0000000083200000, 0x0000000100000000)
  region size 1024K, 2 young (2048K), 2 survivors (2048K)
 Metaspace       used 19580K, capacity 19940K, committed 20224K, reserved 1067008K
  class space    used 2096K, capacity 2214K, committed 2304K, reserved 1048576K
}
Event: 29.096 GC heap before
{Heap before GC invocations=9 (full 0):
 garbage-first heap   total 129024K, used 98406K [0x0000000083200000, 0x0000000100000000)
  region size 1024K, 38 young (38912K), 2 survivors (2048K)
 Metaspace       used 19608K, capacity 19959K, committed 20224K, reserved 1067008K
  class space    used 2102K, capacity 2220K, committed 2304K, reserved 1048576K
}
Event: 29.122 GC heap after
{Heap after GC invocations=10 (full 0):
 garbage-first heap   total 129024K, used 63655K [0x0000000083200000, 0x0000000100000000)
  region size 1024K, 2 young (2048K), 2 survivors (2048K)
 Metaspace       used 19608K, capacity 19959K, committed 20224K, reserved 1067008K
  class space    used 2102K, capacity 2220K, committed 2304K, reserved 1048576K
}
Event: 29.698 GC heap before
{Heap before GC invocations=11 (full 0):
 garbage-first heap   total 129024K, used 102567K [0x0000000083200000, 0x0000000100000000)
  region size 1024K, 38 young (38912K), 2 survivors (2048K)
 Metaspace       used 19611K, capacity 19959K, committed 20224K, reserved 1067008K
  class space    used 2102K, capacity 2220K, committed 2304K, reserved 1048576K
}
Event: 29.741 GC heap after
{Heap after GC invocations=12 (full 0):
 garbage-first heap   total 129024K, used 66870K [0x0000000083200000, 0x0000000100000000)
  region size 1024K, 2 young (2048K), 2 survivors (2048K)
 Metaspace       used 19611K, capacity 19959K, committed 20224K, reserved 1067008K
  class space    used 2102K, capacity 2220K, committed 2304K, reserved 1048576K
}
Event: 30.316 GC heap before
{Heap before GC invocations=13 (full 0):
 garbage-first heap   total 129024K, used 93494K [0x0000000083200000, 0x0000000100000000)
  region size 1024K, 26 young (26624K), 2 survivors (2048K)
 Metaspace       used 19616K, capacity 20024K, committed 20224K, reserved 1067008K
  class space    used 2102K, capacity 2220K, committed 2304K, reserved 1048576K
}
Event: 30.422 GC heap after
{Heap after GC invocations=14 (full 0):
 garbage-first heap   total 129024K, used 70049K [0x0000000083200000, 0x0000000100000000)
  region size 1024K, 2 young (2048K), 2 survivors (2048K)
 Metaspace       used 19616K, capacity 20024K, committed 20224K, reserved 1067008K
  class space    used 2102K, capacity 2220K, committed 2304K, reserved 1048576K
}
Event: 30.738 GC heap before
{Heap before GC invocations=15 (full 0):
 garbage-first heap   total 129024K, used 114081K [0x0000000083200000, 0x0000000100000000)
  region size 1024K, 43 young (44032K), 2 survivors (2048K)
 Metaspace       used 19616K, capacity 20024K, committed 20224K, reserved 1067008K
  class space    used 2102K, capacity 2220K, committed 2304K, reserved 1048576K
}
Event: 30.748 GC heap after
{Heap after GC invocations=16 (full 0):
 garbage-first heap   total 129024K, used 73030K [0x0000000083200000, 0x0000000100000000)
  region size 1024K, 2 young (2048K), 2 survivors (2048K)
 Metaspace       used 19616K, capacity 20024K, committed 20224K, reserved 1067008K
  class space    used 2102K, capacity 2220K, committed 2304K, reserved 1048576K
}
Event: 30.796 GC heap before
{Heap before GC invocations=16 (full 0):
 garbage-first heap   total 129024K, used 112966K [0x0000000083200000, 0x0000000100000000)
  region size 1024K, 41 young (41984K), 2 survivors (2048K)
 Metaspace       used 19616K, capacity 20024K, committed 20224K, reserved 1067008K
  class space    used 2102K, capacity 2220K, committed 2304K, reserved 1048576K
}

Deoptimization events (20 events):
Event: 24.005 Thread 0x000002753677a1e0 Uncommon trap: trap_request=0xffffffc6 fr.pc=0x0000027526919178 relative=0x00000000000010b8
Event: 24.005 Thread 0x000002753677a1e0 Uncommon trap: reason=bimorphic_or_optimized_type_check action=maybe_recompile pc=0x0000027526919178 method=java.io.DataInputStream.readFully([BII)V @ 34 c2
Event: 24.005 Thread 0x000002753677a1e0 DEOPT PACKING pc=0x0000027526919178 sp=0x0000007992ffd000
Event: 24.005 Thread 0x000002753677a1e0 DEOPT UNPACKING pc=0x000002751edc852f sp=0x0000007992ffcff8 mode 2
Event: 24.256 Thread 0x000002753677a1e0 Uncommon trap: trap_request=0xffffffc6 fr.pc=0x0000027526919178 relative=0x00000000000010b8
Event: 24.256 Thread 0x000002753677a1e0 Uncommon trap: reason=bimorphic_or_optimized_type_check action=maybe_recompile pc=0x0000027526919178 method=java.io.DataInputStream.readFully([BII)V @ 34 c2
Event: 24.256 Thread 0x000002753677a1e0 DEOPT PACKING pc=0x0000027526919178 sp=0x0000007992ffcb90
Event: 24.256 Thread 0x000002753677a1e0 DEOPT UNPACKING pc=0x000002751edc852f sp=0x0000007992ffcb88 mode 2
Event: 26.303 Thread 0x000002753677a1e0 DEOPT PACKING pc=0x000002751f77eaa7 sp=0x0000007992ffa270
Event: 26.303 Thread 0x000002753677a1e0 DEOPT UNPACKING pc=0x000002751ee0f6cf sp=0x0000007992ff97f0 mode 0
Event: 26.525 Thread 0x000002753677a1e0 DEOPT PACKING pc=0x000002751f77eaa7 sp=0x0000007992ff9e00
Event: 26.525 Thread 0x000002753677a1e0 DEOPT UNPACKING pc=0x000002751ee0f6cf sp=0x0000007992ff9380 mode 0
Event: 26.899 Thread 0x000002753677a1e0 DEOPT PACKING pc=0x000002751f77eaa7 sp=0x0000007992ff9520
Event: 26.899 Thread 0x000002753677a1e0 DEOPT UNPACKING pc=0x000002751ee0f6cf sp=0x0000007992ff8aa0 mode 0
Event: 27.454 Thread 0x000002753677a1e0 DEOPT PACKING pc=0x000002751f77eaa7 sp=0x0000007992ff9000
Event: 27.454 Thread 0x000002753677a1e0 DEOPT UNPACKING pc=0x000002751ee0f6cf sp=0x0000007992ff8580 mode 0
Event: 27.803 Thread 0x000002753677a1e0 DEOPT PACKING pc=0x000002751f77eaa7 sp=0x0000007992ff8b90
Event: 27.803 Thread 0x000002753677a1e0 DEOPT UNPACKING pc=0x000002751ee0f6cf sp=0x0000007992ff8110 mode 0
Event: 29.150 Thread 0x000002753677a1e0 DEOPT PACKING pc=0x000002751f77eaa7 sp=0x0000007992ff82b0
Event: 29.150 Thread 0x000002753677a1e0 DEOPT UNPACKING pc=0x000002751ee0f6cf sp=0x0000007992ff7830 mode 0

Classes unloaded (0 events):
No events

Classes redefined (0 events):
No events

Internal exceptions (20 events):
Event: 23.722 Thread 0x000002753677a1e0 Exception <a 'java/lang/NullPointerException'{0x0000000089f80998}> (0x0000000089f80998) 
thrown [./open/src/hotspot/share/interpreter/linkResolver.cpp, line 1457]
Event: 23.853 Thread 0x000002753677a1e0 Exception <a 'java/lang/NullPointerException'{0x0000000089c2d4c0}> (0x0000000089c2d4c0) 
thrown [./open/src/hotspot/share/interpreter/linkResolver.cpp, line 1457]
Event: 24.218 Thread 0x000002753677a1e0 Exception <a 'java/lang/NullPointerException'{0x0000000089ac4108}> (0x0000000089ac4108) 
thrown [./open/src/hotspot/share/interpreter/linkResolver.cpp, line 1457]
Event: 24.403 Thread 0x000002753677a1e0 Exception <a 'java/lang/NullPointerException'{0x0000000089488da8}> (0x0000000089488da8) 
thrown [./open/src/hotspot/share/interpreter/linkResolver.cpp, line 1457]
Event: 24.472 Thread 0x000002753677a1e0 Exception <a 'java/lang/NullPointerException'{0x000000008915a6f0}> (0x000000008915a6f0) 
thrown [./open/src/hotspot/share/interpreter/linkResolver.cpp, line 1457]
Event: 24.878 Thread 0x000002753677a1e0 Exception <a 'java/lang/NullPointerException'{0x000000008ae60b40}> (0x000000008ae60b40) 
thrown [./open/src/hotspot/share/interpreter/linkResolver.cpp, line 1457]
Event: 25.275 Thread 0x000002753677a1e0 Exception <a 'java/lang/NullPointerException'{0x000000008adb3bc0}> (0x000000008adb3bc0) 
thrown [./open/src/hotspot/share/interpreter/linkResolver.cpp, line 1457]
Event: 25.758 Thread 0x000002753677a1e0 Exception <a 'java/lang/NullPointerException'{0x000000008a8fcd40}> (0x000000008a8fcd40) 
thrown [./open/src/hotspot/share/interpreter/linkResolver.cpp, line 1457]
Event: 25.900 Thread 0x000002753677a1e0 Exception <a 'java/lang/NullPointerException'{0x000000008a446a40}> (0x000000008a446a40) 
thrown [./open/src/hotspot/share/interpreter/linkResolver.cpp, line 1457]
Event: 25.998 Thread 0x000002753677a1e0 Exception <a 'java/lang/NullPointerException'{0x000000008a1a0a90}> (0x000000008a1a0a90) 
thrown [./open/src/hotspot/share/interpreter/linkResolver.cpp, line 1457]
Event: 26.250 Thread 0x000002753677a1e0 Exception <a 'java/lang/NullPointerException'{0x000000008a986a08}> (0x000000008a986a08) 
thrown [./open/src/hotspot/share/interpreter/linkResolver.cpp, line 1457]
Event: 26.412 Thread 0x000002753677a1e0 Exception <a 'java/lang/NullPointerException'{0x00000000885cc5e0}> (0x00000000885cc5e0) 
thrown [./open/src/hotspot/share/interpreter/linkResolver.cpp, line 1457]
Event: 26.626 Thread 0x000002753677a1e0 Exception <a 'java/lang/NullPointerException'{0x000000008ab47f98}> (0x000000008ab47f98) 
thrown [./open/src/hotspot/share/interpreter/linkResolver.cpp, line 1457]
Event: 26.850 Thread 0x000002753677a1e0 Exception <a 'java/lang/NullPointerException'{0x0000000088544c30}> (0x0000000088544c30) 
thrown [./open/src/hotspot/share/interpreter/linkResolver.cpp, line 1457]
Event: 27.292 Thread 0x000002753677a1e0 Exception <a 'java/lang/NullPointerException'{0x0000000089d04e88}> (0x0000000089d04e88) 
thrown [./open/src/hotspot/share/interpreter/linkResolver.cpp, line 1457]
Event: 27.634 Thread 0x000002753677a1e0 Exception <a 'java/lang/NullPointerException'{0x00000000886c0100}> (0x00000000886c0100) 
thrown [./open/src/hotspot/share/interpreter/linkResolver.cpp, line 1457]
Event: 27.893 Thread 0x000002753677a1e0 Exception <a 'java/lang/NullPointerException'{0x000000008a4a0d78}> (0x000000008a4a0d78) 
thrown [./open/src/hotspot/share/interpreter/linkResolver.cpp, line 1457]
Event: 28.852 Thread 0x000002753677a1e0 Exception <a 'java/lang/NullPointerException'{0x000000008a4be308}> (0x000000008a4be308) 
thrown [./open/src/hotspot/share/interpreter/linkResolver.cpp, line 1457]
Event: 29.342 Thread 0x000002753677a1e0 Exception <a 'java/lang/NullPointerException'{0x000000008ac5abd8}> (0x000000008ac5abd8) 
thrown [./open/src/hotspot/share/interpreter/linkResolver.cpp, line 1457]
Event: 30.020 Thread 0x000002753677a1e0 Exception <a 'java/lang/NullPointerException'{0x000000008a4ff1d8}> (0x000000008a4ff1d8) 
thrown [./open/src/hotspot/share/interpreter/linkResolver.cpp, line 1457]

Events (20 events):
Event: 30.784 Thread 0x000002753c9a3800 Thread added: 0x000002753c9a3800
Event: 30.784 Thread 0x000002753c0985f0 Thread added: 0x000002753c0985f0
Event: 30.784 Thread 0x000002753c9a3800 Thread exited: 0x000002753c9a3800
Event: 30.784 Thread 0x000002753c0985f0 Thread exited: 0x000002753c0985f0
Event: 30.784 Thread 0x000002753c9a3800 Thread added: 0x000002753c9a3800
Event: 30.784 Thread 0x000002753c9a3800 Thread exited: 0x000002753c9a3800
Event: 30.784 Thread 0x000002753c09e160 Thread added: 0x000002753c09e160
Event: 30.784 Thread 0x000002753c09e160 Thread exited: 0x000002753c09e160
Event: 30.784 Thread 0x000002753c9a3800 Thread added: 0x000002753c9a3800
Event: 30.784 Thread 0x000002753c9a3800 Thread exited: 0x000002753c9a3800
Event: 30.784 Thread 0x000002753c09bae0 Thread added: 0x000002753c09bae0
Event: 30.784 Thread 0x000002753c09bae0 Thread exited: 0x000002753c09bae0
Event: 30.784 Thread 0x000002753c099e00 Thread added: 0x000002753c099e00
Event: 30.784 Thread 0x000002753c099e00 Thread exited: 0x000002753c099e00
Event: 30.784 Thread 0x000002753c098120 Thread added: 0x000002753c098120
Event: 30.784 Thread 0x000002753c098120 Thread exited: 0x000002753c098120
Event: 30.784 Thread 0x000002753c09a7a0 Thread added: 0x000002753c09a7a0
Event: 30.784 Executing VM operation: G1CollectForAllocation
Event: 30.784 Thread 0x000002753c9a3800 Thread added: 0x000002753c9a3800
Event: 30.796 loading class java/lang/Label done


Dynamic libraries:
0x00007ff79b2c0000 - 0x00007ff79b2cd000 	C:\Users\User\.p2\pool\plugins\org.eclipse.justj.openjdk.hotspot.jre.full.win32.x86_64_15.0.2.v20210201-0955\jre\bin\javaw.exe
0x00007ff9dd230000 - 0x00007ff9dd425000 	C:\WINDOWS\SYSTEM32\ntdll.dll
0x00007ff9dcd70000 - 0x00007ff9dce2d000 	C:\WINDOWS\System32\KERNEL32.DLL
0x00007ff9da990000 - 0x00007ff9dac59000 	C:\WINDOWS\System32\KERNELBASE.dll
0x00007ff9dad00000 - 0x00007ff9dae00000 	C:\WINDOWS\System32\ucrtbase.dll
0x00007ff9c04c0000 - 0x00007ff9c04d8000 	C:\Users\User\.p2\pool\plugins\org.eclipse.justj.openjdk.hotspot.jre.full.win32.x86_64_15.0.2.v20210201-0955\jre\bin\jli.dll
0x00007ff9c0560000 - 0x00007ff9c0579000 	C:\Users\User\.p2\pool\plugins\org.eclipse.justj.openjdk.hotspot.jre.full.win32.x86_64_15.0.2.v20210201-0955\jre\bin\VCRUNTIME140.dll
0x00007ff9c99a0000 - 0x00007ff9c9c3a000 	C:\WINDOWS\WinSxS\amd64_microsoft.windows.common-controls_6595b64144ccf1df_6.0.19041.1110_none_60b5254171f9507e\COMCTL32.dll
0x00007ff9dc350000 - 0x00007ff9dc4f0000 	C:\WINDOWS\System32\USER32.dll
0x00007ff9dccd0000 - 0x00007ff9dcd6e000 	C:\WINDOWS\System32\msvcrt.dll
0x00007ff9dbdc0000 - 0x00007ff9dbdea000 	C:\WINDOWS\System32\GDI32.dll
0x00007ff9da960000 - 0x00007ff9da982000 	C:\WINDOWS\System32\win32u.dll
0x00007ff9dae60000 - 0x00007ff9daf6b000 	C:\WINDOWS\System32\gdi32full.dll
0x00007ff9dac60000 - 0x00007ff9dacfd000 	C:\WINDOWS\System32\msvcp_win.dll
0x00007ff9dcc30000 - 0x00007ff9dcc60000 	C:\WINDOWS\System32\IMM32.DLL
0x00007ff9d4c20000 - 0x00007ff9d4c2c000 	C:\Users\User\.p2\pool\plugins\org.eclipse.justj.openjdk.hotspot.jre.full.win32.x86_64_15.0.2.v20210201-0955\jre\bin\vcruntime140_1.dll
0x00007ff9a9c30000 - 0x00007ff9a9cc1000 	C:\Users\User\.p2\pool\plugins\org.eclipse.justj.openjdk.hotspot.jre.full.win32.x86_64_15.0.2.v20210201-0955\jre\bin\msvcp140.dll
0x00007ff9897c0000 - 0x00007ff98a31e000 	C:\Users\User\.p2\pool\plugins\org.eclipse.justj.openjdk.hotspot.jre.full.win32.x86_64_15.0.2.v20210201-0955\jre\bin\server\jvm.dll
0x00007ff9dbc10000 - 0x00007ff9dbcbc000 	C:\WINDOWS\System32\ADVAPI32.dll
0x00007ff9dc590000 - 0x00007ff9dc62b000 	C:\WINDOWS\System32\sechost.dll
0x00007ff9dd0c0000 - 0x00007ff9dd1ea000 	C:\WINDOWS\System32\RPCRT4.dll
0x00007ff9dbec0000 - 0x00007ff9dbec8000 	C:\WINDOWS\System32\PSAPI.DLL
0x00007ff9c1130000 - 0x00007ff9c1139000 	C:\WINDOWS\SYSTEM32\WSOCK32.dll
0x00007ff9dcc60000 - 0x00007ff9dcccb000 	C:\WINDOWS\System32\WS2_32.dll
0x00007ff9d3ee0000 - 0x00007ff9d3eea000 	C:\WINDOWS\SYSTEM32\VERSION.dll
0x00007ff9c4b20000 - 0x00007ff9c4b47000 	C:\WINDOWS\SYSTEM32\WINMM.dll
0x00007ff9d91f0000 - 0x00007ff9d9202000 	C:\WINDOWS\SYSTEM32\kernel.appcore.dll
0x00007ff9d6080000 - 0x00007ff9d608a000 	C:\Users\User\.p2\pool\plugins\org.eclipse.justj.openjdk.hotspot.jre.full.win32.x86_64_15.0.2.v20210201-0955\jre\bin\jimage.dll
0x00007ff9d8620000 - 0x00007ff9d8804000 	C:\WINDOWS\SYSTEM32\DBGHELP.DLL
0x00007ff9c8030000 - 0x00007ff9c805c000 	C:\WINDOWS\SYSTEM32\dbgcore.DLL
0x00007ff9daf70000 - 0x00007ff9daff3000 	C:\WINDOWS\System32\bcryptPrimitives.dll
0x00007ff9d3300000 - 0x00007ff9d3325000 	C:\Users\User\.p2\pool\plugins\org.eclipse.justj.openjdk.hotspot.jre.full.win32.x86_64_15.0.2.v20210201-0955\jre\bin\java.dll
0x00007ff9d5330000 - 0x00007ff9d5348000 	C:\Users\User\.p2\pool\plugins\org.eclipse.justj.openjdk.hotspot.jre.full.win32.x86_64_15.0.2.v20210201-0955\jre\bin\zip.dll
0x00007ff9db420000 - 0x00007ff9dbb5f000 	C:\WINDOWS\System32\SHELL32.dll
0x00007ff9d8a50000 - 0x00007ff9d91e0000 	C:\WINDOWS\SYSTEM32\windows.storage.dll
0x00007ff9dbed0000 - 0x00007ff9dc225000 	C:\WINDOWS\System32\combase.dll
0x00007ff9da3c0000 - 0x00007ff9da3ec000 	C:\WINDOWS\SYSTEM32\Wldp.dll
0x00007ff9dc2a0000 - 0x00007ff9dc34e000 	C:\WINDOWS\System32\SHCORE.dll
0x00007ff9dbcc0000 - 0x00007ff9dbd15000 	C:\WINDOWS\System32\shlwapi.dll
0x00007ff9da8a0000 - 0x00007ff9da8bf000 	C:\WINDOWS\SYSTEM32\profapi.dll
0x00007ff9d15c0000 - 0x00007ff9d15d9000 	C:\Users\User\.p2\pool\plugins\org.eclipse.justj.openjdk.hotspot.jre.full.win32.x86_64_15.0.2.v20210201-0955\jre\bin\net.dll
0x00007ff9ca3b0000 - 0x00007ff9ca4b8000 	C:\WINDOWS\SYSTEM32\WINHTTP.dll
0x00007ff9da120000 - 0x00007ff9da18a000 	C:\WINDOWS\system32\mswsock.dll
0x00007ff9c1050000 - 0x00007ff9c1062000 	C:\Users\User\.p2\pool\plugins\org.eclipse.justj.openjdk.hotspot.jre.full.win32.x86_64_15.0.2.v20210201-0955\jre\bin\nio.dll
0x00000275369b0000 - 0x00000275369b3000 	C:\Program Files\Java\javafx-sdk-11.0.2\bin\api-ms-win-core-console-l1-1-0.dll
0x00000275369c0000 - 0x00000275369c3000 	C:\Program Files\Java\javafx-sdk-11.0.2\bin\api-ms-win-core-datetime-l1-1-0.dll
0x00000275369d0000 - 0x00000275369d3000 	C:\Program Files\Java\javafx-sdk-11.0.2\bin\api-ms-win-core-debug-l1-1-0.dll
0x00000275369e0000 - 0x00000275369e3000 	C:\Program Files\Java\javafx-sdk-11.0.2\bin\api-ms-win-core-errorhandling-l1-1-0.dll
0x00000275369f0000 - 0x00000275369f4000 	C:\Program Files\Java\javafx-sdk-11.0.2\bin\api-ms-win-core-file-l1-1-0.dll
0x0000027536a00000 - 0x0000027536a03000 	C:\Program Files\Java\javafx-sdk-11.0.2\bin\api-ms-win-core-file-l1-2-0.dll
0x0000027536a10000 - 0x0000027536a13000 	C:\Program Files\Java\javafx-sdk-11.0.2\bin\api-ms-win-core-file-l2-1-0.dll
0x0000027536a20000 - 0x0000027536a23000 	C:\Program Files\Java\javafx-sdk-11.0.2\bin\api-ms-win-core-handle-l1-1-0.dll
0x0000027536a30000 - 0x0000027536a33000 	C:\Program Files\Java\javafx-sdk-11.0.2\bin\api-ms-win-core-heap-l1-1-0.dll
0x0000027536a40000 - 0x0000027536a43000 	C:\Program Files\Java\javafx-sdk-11.0.2\bin\api-ms-win-core-interlocked-l1-1-0.dll
0x0000027536a50000 - 0x0000027536a53000 	C:\Program Files\Java\javafx-sdk-11.0.2\bin\api-ms-win-core-libraryloader-l1-1-0.dll
0x0000027536a60000 - 0x0000027536a63000 	C:\Program Files\Java\javafx-sdk-11.0.2\bin\api-ms-win-core-localization-l1-2-0.dll
0x0000027536a70000 - 0x0000027536a73000 	C:\Program Files\Java\javafx-sdk-11.0.2\bin\api-ms-win-core-memory-l1-1-0.dll
0x0000027536a80000 - 0x0000027536a83000 	C:\Program Files\Java\javafx-sdk-11.0.2\bin\api-ms-win-core-namedpipe-l1-1-0.dll
0x0000027536a90000 - 0x0000027536a93000 	C:\Program Files\Java\javafx-sdk-11.0.2\bin\api-ms-win-core-processenvironment-l1-1-0.dll
0x0000027536aa0000 - 0x0000027536aa3000 	C:\Program Files\Java\javafx-sdk-11.0.2\bin\api-ms-win-core-processthreads-l1-1-0.dll
0x0000027536ab0000 - 0x0000027536ab3000 	C:\Program Files\Java\javafx-sdk-11.0.2\bin\api-ms-win-core-processthreads-l1-1-1.dll
0x0000027536ac0000 - 0x0000027536ac3000 	C:\Program Files\Java\javafx-sdk-11.0.2\bin\api-ms-win-core-profile-l1-1-0.dll
0x0000027536ad0000 - 0x0000027536ad3000 	C:\Program Files\Java\javafx-sdk-11.0.2\bin\api-ms-win-core-rtlsupport-l1-1-0.dll
0x0000027536ae0000 - 0x0000027536ae3000 	C:\Program Files\Java\javafx-sdk-11.0.2\bin\api-ms-win-core-string-l1-1-0.dll
0x0000027536af0000 - 0x0000027536af3000 	C:\Program Files\Java\javafx-sdk-11.0.2\bin\api-ms-win-core-synch-l1-1-0.dll
0x0000027536b00000 - 0x0000027536b03000 	C:\Program Files\Java\javafx-sdk-11.0.2\bin\api-ms-win-core-synch-l1-2-0.dll
0x0000027536b10000 - 0x0000027536b13000 	C:\Program Files\Java\javafx-sdk-11.0.2\bin\api-ms-win-core-sysinfo-l1-1-0.dll
0x0000027536b20000 - 0x0000027536b23000 	C:\Program Files\Java\javafx-sdk-11.0.2\bin\api-ms-win-core-timezone-l1-1-0.dll
0x0000027536b30000 - 0x0000027536b33000 	C:\Program Files\Java\javafx-sdk-11.0.2\bin\api-ms-win-core-util-l1-1-0.dll
0x0000027536b40000 - 0x0000027536b43000 	C:\Program Files\Java\javafx-sdk-11.0.2\bin\api-ms-win-crt-conio-l1-1-0.dll
0x0000027536b50000 - 0x0000027536b54000 	C:\Program Files\Java\javafx-sdk-11.0.2\bin\api-ms-win-crt-convert-l1-1-0.dll
0x0000027536b60000 - 0x0000027536b63000 	C:\Program Files\Java\javafx-sdk-11.0.2\bin\api-ms-win-crt-environment-l1-1-0.dll
0x0000027536b70000 - 0x0000027536b73000 	C:\Program Files\Java\javafx-sdk-11.0.2\bin\api-ms-win-crt-filesystem-l1-1-0.dll
0x0000027536b80000 - 0x0000027536b83000 	C:\Program Files\Java\javafx-sdk-11.0.2\bin\api-ms-win-crt-heap-l1-1-0.dll
0x0000027536b90000 - 0x0000027536b93000 	C:\Program Files\Java\javafx-sdk-11.0.2\bin\api-ms-win-crt-locale-l1-1-0.dll
0x0000027536ba0000 - 0x0000027536ba5000 	C:\Program Files\Java\javafx-sdk-11.0.2\bin\api-ms-win-crt-math-l1-1-0.dll
0x0000027536bb0000 - 0x0000027536bb5000 	C:\Program Files\Java\javafx-sdk-11.0.2\bin\api-ms-win-crt-multibyte-l1-1-0.dll
0x0000027536bc0000 - 0x0000027536bd0000 	C:\Program Files\Java\javafx-sdk-11.0.2\bin\api-ms-win-crt-private-l1-1-0.dll
0x0000027536bd0000 - 0x0000027536bd3000 	C:\Program Files\Java\javafx-sdk-11.0.2\bin\api-ms-win-crt-process-l1-1-0.dll
0x0000027536be0000 - 0x0000027536be4000 	C:\Program Files\Java\javafx-sdk-11.0.2\bin\api-ms-win-crt-runtime-l1-1-0.dll
0x0000027536bf0000 - 0x0000027536bf4000 	C:\Program Files\Java\javafx-sdk-11.0.2\bin\api-ms-win-crt-stdio-l1-1-0.dll
0x0000027536c00000 - 0x0000027536c04000 	C:\Program Files\Java\javafx-sdk-11.0.2\bin\api-ms-win-crt-string-l1-1-0.dll
0x0000027536c10000 - 0x0000027536c13000 	C:\Program Files\Java\javafx-sdk-11.0.2\bin\api-ms-win-crt-time-l1-1-0.dll
0x0000027536c20000 - 0x0000027536c23000 	C:\Program Files\Java\javafx-sdk-11.0.2\bin\api-ms-win-crt-utility-l1-1-0.dll
0x00007ff9adff0000 - 0x00007ff9ae0ea000 	C:\Program Files\Java\javafx-sdk-11.0.2\bin\ucrtbase.dll
0x00007ff9d6100000 - 0x00007ff9d6116000 	C:\Program Files\Java\javafx-sdk-11.0.2\bin\vcruntime140.dll
0x00007ff9af110000 - 0x00007ff9af1b6000 	C:\Program Files\Java\javafx-sdk-11.0.2\bin\msvcp140.dll
0x00007ff9adf90000 - 0x00007ff9adfe1000 	C:\Program Files\Java\javafx-sdk-11.0.2\bin\concrt140.dll
0x00007ff9d5fe0000 - 0x00007ff9d6003000 	C:\Program Files\Java\javafx-sdk-11.0.2\bin\prism_d3d.dll
0x00007ff997a90000 - 0x00007ff997c5e000 	C:\WINDOWS\system32\d3d9.dll
0x00007ff9d83c0000 - 0x00007ff9d83ef000 	C:\WINDOWS\SYSTEM32\dwmapi.dll
0x00007ff9d7f70000 - 0x00007ff9d800e000 	C:\WINDOWS\system32\uxtheme.dll
0x00007ff9ade20000 - 0x00007ff9adf83000 	C:\WINDOWS\System32\DriverStore\FileRepository\iigd_dch.inf_amd64_a634af1513618033\igdumdim64.dll
0x00007ff98e210000 - 0x00007ff991c52000 	C:\WINDOWS\System32\DriverStore\FileRepository\iigd_dch.inf_amd64_a634af1513618033\igd9dxva64.dll
0x00007ff9db2f0000 - 0x00007ff9db41a000 	C:\WINDOWS\System32\ole32.dll
0x00007ff9dbdf0000 - 0x00007ff9dbebd000 	C:\WINDOWS\System32\OLEAUT32.dll
0x00007ff9dc7b0000 - 0x00007ff9dcc22000 	C:\WINDOWS\System32\SETUPAPI.dll
0x00007ff9db190000 - 0x00007ff9db1de000 	C:\WINDOWS\System32\cfgmgr32.dll
0x00007ff9db000000 - 0x00007ff9db027000 	C:\WINDOWS\System32\bcrypt.dll
0x00007ff9cdd80000 - 0x00007ff9cdfbf000 	C:\WINDOWS\System32\DriverStore\FileRepository\iigd_dch.inf_amd64_a634af1513618033\igdgmm64.dll
0x00007ff9ae7f0000 - 0x00007ff9ae835000 	C:\Program Files\Java\javafx-sdk-11.0.2\bin\glass.dll
0x00007ff9dcfe0000 - 0x00007ff9dd0ba000 	C:\WINDOWS\System32\COMDLG32.dll
0x00007ff9dc630000 - 0x00007ff9dc745000 	C:\WINDOWS\System32\MSCTF.dll
0x00007ff9d6050000 - 0x00007ff9d6077000 	C:\WINDOWS\System32\DriverStore\FileRepository\iigd_dch.inf_amd64_a634af1513618033\igdinfo64.dll
0x00007ff9da310000 - 0x00007ff9da328000 	C:\WINDOWS\SYSTEM32\CRYPTSP.dll
0x00007ff9d9a30000 - 0x00007ff9d9a64000 	C:\WINDOWS\system32\rsaenh.dll
0x00007ff9da330000 - 0x00007ff9da33c000 	C:\WINDOWS\SYSTEM32\CRYPTBASE.dll
0x00007ff9cb1b0000 - 0x00007ff9cdd79000 	C:\WINDOWS\System32\DriverStore\FileRepository\iigd_dch.inf_amd64_a634af1513618033\igc64.dll
0x00007ff9cf6c0000 - 0x00007ff9cf6fb000 	C:\WINDOWS\SYSTEM32\dxcore.dll
0x00007ff9d60c0000 - 0x00007ff9d60d4000 	C:\Program Files\Java\javafx-sdk-11.0.2\bin\javafx_font.dll
0x00007ff9a2650000 - 0x00007ff9a26f3000 	C:\Program Files\Java\javafx-sdk-11.0.2\bin\glib-lite.dll
0x00007ff9a2360000 - 0x00007ff9a243e000 	C:\Program Files\Java\javafx-sdk-11.0.2\bin\gstreamer-lite.dll
0x00007ff9a2d60000 - 0x00007ff9a2dfc000 	C:\WINDOWS\SYSTEM32\DSOUND.dll
0x00007ff9d9f30000 - 0x00007ff9d9f7b000 	C:\WINDOWS\SYSTEM32\powrprof.dll
0x00007ff9b9790000 - 0x00007ff9b97b6000 	C:\WINDOWS\SYSTEM32\winmmbase.dll
0x00007ff9d9da0000 - 0x00007ff9d9db2000 	C:\WINDOWS\SYSTEM32\UMPDC.dll
0x00007ff9c00a0000 - 0x00007ff9c00c6000 	C:\Program Files\Java\javafx-sdk-11.0.2\bin\jfxmedia.dll
0x00007ff9dbb60000 - 0x00007ff9dbc09000 	C:\WINDOWS\System32\clbcatq.dll
0x00007ff9d6f10000 - 0x00007ff9d7006000 	C:\WINDOWS\system32\propsys.dll
0x00007ff9bb7c0000 - 0x00007ff9bb7e2000 	C:\Program Files\Java\javafx-sdk-11.0.2\bin\fxplugins.dll
0x00007ff99e910000 - 0x00007ff99eb8e000 	C:\Windows\System32\msmpeg2vdec.dll
0x00007ff9d3f60000 - 0x00007ff9d411c000 	C:\Windows\System32\MFPlat.DLL
0x00007ff9db030000 - 0x00007ff9db18f000 	C:\WINDOWS\System32\CRYPT32.dll
0x00007ff9bfcc0000 - 0x00007ff9bfded000 	C:\Windows\System32\mfperfhelper.dll
0x00007ff9d3eb0000 - 0x00007ff9d3ee0000 	C:\Windows\System32\RTWorkQ.DLL
0x00007ff9d3110000 - 0x00007ff9d3147000 	C:\Windows\System32\CompPkgSup.DLL
0x00007ff9c0940000 - 0x00007ff9c0a86000 	C:\Windows\System32\Windows.StateRepositoryPS.dll
0x00007ff99eef0000 - 0x00007ff99eff7000 	C:\Windows\System32\msmpeg2adec.dll

dbghelp: loaded successfully - version: 4.0.5 - missing functions: none
symbol engine: initialized successfully - sym options: 0x614 - pdb path: .;C:\Users\User\.p2\pool\plugins\org.eclipse.justj.openjdk.hotspot.jre.full.win32.x86_64_15.0.2.v20210201-0955\jre\bin;C:\WINDOWS\SYSTEM32;C:\WINDOWS\WinSxS\amd64_microsoft.windows.common-controls_6595b64144ccf1df_6.0.19041.1110_none_60b5254171f9507e;C:\Users\User\.p2\pool\plugins\org.eclipse.justj.openjdk.hotspot.jre.full.win32.x86_64_15.0.2.v20210201-0955\jre\bin\server;C:\Program Files\Java\javafx-sdk-11.0.2\bin;C:\WINDOWS\System32\DriverStore\FileRepository\iigd_dch.inf_amd64_a634af1513618033

VM Arguments:
jvm_args: --module-path=C:\Program Files\Java\javafx-sdk-11.0.2\lib --add-modules=javafx.controls,javafx.fxml -Dfile.encoding=UTF-8 --module-path=C:\Users\User\eclipse-workspace\Test\bin;C:\Users\User\.p2\pool\plugins\org.eclipse.fx.ide.css.jfx8_3.7.0.202010120832.jar;C:\Program Files\Java\javafx-sdk-11.0.2\lib\javafx.base.jar;C:\Program Files\Java\javafx-sdk-11.0.2\lib\javafx.controls.jar;C:\Program Files\Java\javafx-sdk-11.0.2\lib\javafx.fxml.jar;C:\Program Files\Java\javafx-sdk-11.0.2\lib\javafx.graphics.jar;C:\Program Files\Java\javafx-sdk-11.0.2\lib\javafx.media.jar;C:\Program Files\Java\javafx-sdk-11.0.2\lib\javafx.swing.jar;C:\Program Files\Java\javafx-sdk-11.0.2\lib\javafx.web.jar;C:\Program Files\Java\javafx-sdk-11.0.2\lib\javafx-swt.jar -XX:+ShowCodeDetailsInExceptionMessages -Djdk.module.main=Test 
java_command: Test/view.Main
java_class_path (initial): <not set>
Launcher Type: SUN_STANDARD

[Global flags]
     intx CICompilerCount                          = 4                                         {product} {ergonomic}
     uint ConcGCThreads                            = 2                                         {product} {ergonomic}
     uint G1ConcRefinementThreads                  = 8                                         {product} {ergonomic}
   size_t G1HeapRegionSize                         = 1048576                                   {product} {ergonomic}
    uintx GCDrainStackTargetSize                   = 64                                        {product} {ergonomic}
   size_t InitialHeapSize                          = 132120576                                 {product} {ergonomic}
   size_t MarkStackSize                            = 4194304                                   {product} {ergonomic}
   size_t MaxHeapSize                              = 2095054848                                {product} {ergonomic}
   size_t MaxNewSize                               = 1256194048                                {product} {ergonomic}
   size_t MinHeapDeltaBytes                        = 1048576                                   {product} {ergonomic}
   size_t MinHeapSize                              = 8388608                                   {product} {ergonomic}
    uintx NonNMethodCodeHeapSize                   = 5839372                                {pd product} {ergonomic}
    uintx NonProfiledCodeHeapSize                  = 122909434                              {pd product} {ergonomic}
    uintx ProfiledCodeHeapSize                     = 122909434                              {pd product} {ergonomic}
    uintx ReservedCodeCacheSize                    = 251658240                              {pd product} {ergonomic}
     bool SegmentedCodeCache                       = true                                      {product} {ergonomic}
     bool ShowCodeDetailsInExceptionMessages       = true                                   {manageable} {command line}
   size_t SoftMaxHeapSize                          = 2095054848                             {manageable} {ergonomic}
     bool UseCompressedClassPointers               = true                                 {lp64_product} {ergonomic}
     bool UseCompressedOops                        = true                                 {lp64_product} {ergonomic}
     bool UseG1GC                                  = true                                      {product} {ergonomic}
     bool UseLargePagesIndividualAllocation        = false                                  {pd product} {ergonomic}

Logging:
Log output configuration:
 #0: stdout all=warning uptime,level,tags
 #1: stderr all=off uptime,level,tags

Environment Variables:
PATH=C:/Users/User/.p2/pool/plugins/org.eclipse.justj.openjdk.hotspot.jre.full.win32.x86_64_15.0.2.v20210201-0955/jre/bin/server;C:/Users/User/.p2/pool/plugins/org.eclipse.justj.openjdk.hotspot.jre.full.win32.x86_64_15.0.2.v20210201-0955/jre/bin;C:\Program Files (x86)\Common Files\Oracle\Java\javapath;C:\WINDOWS\system32;C:\WINDOWS;C:\WINDOWS\System32\Wbem;C:\WINDOWS\System32\WindowsPowerShell\v1.0\;C:\WINDOWS\System32\OpenSSH\;C:\Program Files\Git\cmd;C:\Users\User\AppData\Local\Microsoft\WindowsApps;;C:\WINDOWS\system32;
USERNAME=User
OS=Windows_NT
PROCESSOR_IDENTIFIER=Intel64 Family 6 Model 126 Stepping 5, GenuineIntel



---------------  S Y S T E M  ---------------

OS:
 Windows 10 , 64 bit Build 19041 (10.0.19041.1151)
OS uptime: 5 days 12:53 hours

CPU: total 8 (initial active 8) (4 cores per cpu, 2 threads per core) family 6 model 126 stepping 5 microcode 0xa0, cmov, cx8, fxsr, mmx, sse, sse2, sse3, ssse3, sse4.1, sse4.2, popcnt, vzeroupper, avx, avx2, aes, clmul, erms, 3dnowpref, lzcnt, ht, tsc, tscinvbit, bmi1, bmi2, adx, avx512f, avx512dq, avx512cd, avx512bw, avx512vl, avx512_vpopcntdq, avx512_vpclmulqdq, avx512_vbmi, avx512_vbmi2, avx512_vaes, avx512_vnni, sha, fma, clflush, clflushopt

Memory: 4k page, system-wide physical 7987M (135M free)
TotalPageFile size 32563M (AvailPageFile size 0M)
current process WorkingSet (physical memory assigned to process): 83M, peak: 202M
current process commit charge ("private bytes"): 807M, peak: 842M

vm_info: OpenJDK 64-Bit Server VM (15.0.2+7-27) for windows-amd64 JRE (15.0.2+7-27), built on Dec  7 2020 20:02:38 by "mach5one" with unknown MS VC++:1925

END.
